/*C99*/SET SCHEMA PUBLIC
CONNECT USER SA
DISCONNECT
/*C100*/SET SCHEMA PUBLIC
CONNECT USER SA
DISCONNECT
/*C101*/SET SCHEMA PUBLIC
CONNECT USER SA
DISCONNECT
/*C102*/SET SCHEMA PUBLIC
CONNECT USER SA
DISCONNECT
/*C103*/SET SCHEMA PUBLIC
CONNECT USER SA
DISCONNECT
/*C104*/SET SCHEMA PUBLIC
CONNECT USER SA
DISCONNECT
/*C105*/SET SCHEMA PUBLIC
CONNECT USER SA
DISCONNECT
/*C106*/SET SCHEMA PUBLIC
CONNECT USER SA
DISCONNECT
/*C107*/SET SCHEMA PUBLIC
CONNECT USER SA
DISCONNECT
/*C108*/SET SCHEMA PUBLIC
CONNECT USER SA
DISCONNECT
/*C109*/SET SCHEMA PUBLIC
CONNECT USER SA
DISCONNECT
/*C110*/SET SCHEMA PUBLIC
CONNECT USER SA
/*C111*/SET SCHEMA PUBLIC
CONNECT USER SA
INSERT INTO CLIENTES VALUES(12,'Jo\u00e3o ','Paulo','777.666.555-44','jp12@hotmail.com','M','1990-02-18','Carlos Sampaio','S\u00e3o Luiz','Crici\u00fama','Santa Catarina','Brasil','82322-222','231','88776655')
DISCONNECT
/*C112*/SET SCHEMA PUBLIC
CONNECT USER SA
/*C113*/SET SCHEMA PUBLIC
CONNECT USER SA
INSERT INTO PRODUTO VALUES(4,'Boj\u00e9','Bon\u00e9 sem ajuste',20.0E0,'Padr\u00e3o','Verde')
DISCONNECT
/*C114*/SET SCHEMA PUBLIC
CONNECT USER SA
DISCONNECT
/*C115*/SET SCHEMA PUBLIC
CONNECT USER SA
/*C116*/SET SCHEMA PUBLIC
CONNECT USER SA
INSERT INTO PRODUTO VALUES(5,'L\u00e1pis','-',2.0E0,'Padr\u00e3o','Azul')
DISCONNECT
/*C117*/SET SCHEMA PUBLIC
CONNECT USER SA
DISCONNECT
/*C115*/DISCONNECT
/*C110*/DISCONNECT
/*C112*/DISCONNECT
